<?xml version="1.0" encoding="UTF-8"?>
<!-- Generated by org.testng.reporters.JUnitReportReporter -->
<testsuite hostname="RajRohit-PC" failures="0" tests="1" name="practice.ScreeShot" time="17.615" errors="0" timestamp="2021-06-30T22:00:14 IST" skipped="0">
  <testcase classname="practice.ScreeShot" name="takeScreenShot" time="17.615"/>
  <system-out/>
</testsuite> <!-- practice.ScreeShot -->
