<?xml version="1.0" encoding="UTF-8"?>
<!-- Generated by org.testng.reporters.JUnitReportReporter -->
<testsuite hostname="RajRohit-PC" failures="0" tests="1" name="com.actitime.testScript.ReportModule" time="17.475" errors="0" timestamp="2021-07-03T12:33:30 IST" skipped="0">
  <testcase classname="com.actitime.testScript.ReportModule" name="testCreateReport" time="17.475"/>
  <system-out>
    <![CDATA[CreateReport]]>
  </system-out>
</testsuite> <!-- com.actitime.testScript.ReportModule -->
