<?xml version="1.0" encoding="UTF-8"?>
<!-- Generated by org.testng.reporters.JUnitReportReporter -->
<testsuite hostname="RajRohit-PC" failures="0" tests="1" name="qsp.DemoTest" time="0.021" errors="0" timestamp="2021-06-18T16:19:05 IST" skipped="0">
  <testcase classname="qsp.DemoTest" name="add" time="0.021"/>
  <system-out>
    <![CDATA[hi]]>
  </system-out>
</testsuite> <!-- qsp.DemoTest -->
