<?xml version="1.0" encoding="UTF-8"?>
<!-- Generated by org.testng.reporters.JUnitReportReporter -->
<testsuite hostname="RajRohit-PC" failures="0" tests="2" name="com.actitime.testScript.ProjectModule" time="0.000" errors="0" timestamp="2021-07-02T09:21:02 IST" skipped="2">
  <testcase classname="com.actitime.testScript.ProjectModule" name="testDeleteProject" time="0.000">
    <skipped/>
  </testcase> <!-- testDeleteProject -->
  <system-out/>
  <testcase classname="com.actitime.testScript.ProjectModule" name="testCreateProject" time="0.000">
    <skipped/>
  </testcase> <!-- testCreateProject -->
  <system-out/>
</testsuite> <!-- com.actitime.testScript.ProjectModule -->
