<?xml version="1.0" encoding="UTF-8"?>
<!-- Generated by org.testng.reporters.JUnitReportReporter -->
<testsuite hostname="RajRohit-PC" failures="0" tests="1" name="com.actitime.testScript.ReportModule" time="20.414" errors="0" timestamp="2021-07-02T17:56:10 IST" skipped="0">
  <testcase classname="com.actitime.testScript.ReportModule" name="testCreateReport" time="20.414"/>
  <system-out>
    <![CDATA[CreateReport]]>
  </system-out>
</testsuite> <!-- com.actitime.testScript.ReportModule -->
