<?xml version="1.0" encoding="UTF-8"?>
<!-- Generated by org.testng.reporters.JUnitReportReporter -->
<testsuite hostname="RajRohit-PC" failures="0" tests="1" name="com.actitime.testScript.CustomerModule" time="20.562" errors="0" timestamp="2021-07-03T12:33:30 IST" skipped="0">
  <testcase classname="com.actitime.testScript.CustomerModule" name="testCreateCustomer" time="20.562"/>
  <system-out>
    <![CDATA[CreateCustomer]]>
  </system-out>
</testsuite> <!-- com.actitime.testScript.CustomerModule -->
